[38;5;2m57 65 6c 63 6f 6d 65 20 74 6f 20 57 79 64 61 68
[38;5;2m57 65 6c 63 6f 6d 65 20 74 6f 20 57 79 64 61 68
[38;5;2mroot:*:18456:0:99999:7:::
daemon:*:18456:0:99999:7:::
bin:*:18456:0:99999:7:::
sys:*:18456:0:99999:7:::
sync:*:18456:0:99999:7:::
games:*:18456:0:99999:7:::
man:*:18456:0:99999:7:::
lp:*:18456:0:99999:7:::
mail:*:18456:0:99999:7:::
news:*:18456:0:99999:7:::
uucp:*:18456:0:99999:7:::
proxy:*:18456:0:99999:7:::
www-data:*:18456:0:99999:7:::
backup:*:18456:0:99999:7:::
list:*:18456:0:99999:7:::
irc:*:18456:0:99999:7:::
gnats:*:18456:0:99999:7:::
nobody:*:18456:0:99999:7:::
_apt:*:18456:0:99999:7:::
messagebus:*:18481:0:99999:7:::
systemd-network:*:18482:0:99999:7:::
systemd-resolve:*:18482:0:99999:7:::
sshd:*:18482:0:99999:7:::

Flag: 57 65 6c 63 6f 6d 65 20 74 6f 20 57 79 64 61 68Q29uZ3JhdHVsYXRpb25zLCB5b3UgZm91bmQgYSBmbGFnLiAiZmxhZzpoZWF2ZWhvIg==